[0mPOST /api/user/skill [31m500[0m 0.919 ms - 30[0m
[0mPOST /api/user/search [31m500[0m 1258.488 ms - 32[0m
[0mPOST /api/user/search [31m500[0m 1128.444 ms - 32[0m
[0mPOST /api/user/search [31m500[0m 932.027 ms - 32[0m
[0mPOST /api/user/search [31m500[0m 2137.046 ms - 32[0m
[0mPOST /api/user/search [31m500[0m 2087.296 ms - 32[0m
[0mPOST /api/user/search [31m500[0m 29.877 ms - 32[0m
[0mPOST /api/user/search [31m500[0m 193.952 ms - 32[0m
[0mPOST /api/user/search [31m500[0m 1062.661 ms - 32[0m
[0mPOST /api/user/search [31m500[0m 1114.552 ms - 32[0m
[0mPOST /api/user/search [31m500[0m 1138.561 ms - 32[0m
[0mPOST /api/user/search [31m500[0m 3967.335 ms - 51[0m
[0mPOST /api/user/search [31m500[0m 1627.414 ms - 51[0m
[0mPOST /api/user/search [31m500[0m 1131.747 ms - 29[0m
[0mPOST /api/user/search [31m500[0m 1118.765 ms - 31[0m
[0mPOST /api/user/search [31m500[0m 933.850 ms - 26[0m
[0mPOST /api/user/search [31m500[0m 4475.468 ms - 26[0m
[0mGET /api/auth/discord/return?code=3RdkTxSaTw5PiPdf3ecflDgRN5XfgA [31m500[0m 21154.629 ms - 51[0m
[0mGET /favicon.ico [33m404[0m 1.566 ms - 150[0m
[0mPOST /api/auth/googleAuthSingIn [31m500[0m 1570.113 ms - 87[0m
[0mPOST /api/user/search [31m500[0m 1370.732 ms - 42[0m
[0mPOST /api/user/search [31m500[0m 917.037 ms - 42[0m
[0mPOST /api/user/search [31m500[0m 9.989 ms - 51[0m
[0mPOST /api/user/search [31m500[0m 69.848 ms - 51[0m
[0mPOST /api/user/search [31m500[0m 1561.193 ms - 42[0m
[0mPOST /api/user/search [31m500[0m 830.504 ms - 42[0m
[0mPOST /api/user/search [31m500[0m 1081.069 ms - 42[0m
[0mPOST /api/user/search [31m500[0m 813.004 ms - 42[0m
[0mPOST /api/user/search [31m500[0m 306.246 ms - 51[0m
[0mPOST /api/user/search [31m500[0m 44.485 ms - 51[0m
[0mPOST /api/user/search [31m500[0m 114.598 ms - 30[0m
[0mPOST /api/user/search [31m500[0m 1.533 ms - 30[0m
[0mPOST /api/user/search [31m500[0m 1.855 ms - 30[0m
[0mPOST /api/user/search [31m500[0m 12071.432 ms - 30[0m
[0mPOST /api/user/search [31m500[0m 145.077 ms - 30[0m
[0mPOST /api/user/search [31m500[0m 20.740 ms - 30[0m
[0mPOST /api/user/search [31m500[0m 2129.279 ms - 30[0m
[0mPOST /api/user/search [31m500[0m 2127.585 ms - 30[0m
[0mPOST /api/user/search [31m500[0m 2890.984 ms - 30[0m
[0mPOST /api/auth/googleAuthSignUp [31m500[0m 2057.715 ms - 87[0m
[0mGET /api/user/itemsPrice [33m404[0m 23.182 ms - 158[0m
[0mPOST /api/user/itemsPrice [31m500[0m 23.827 ms - 59[0m
[0mPOST /api/user/itemsPrice [0m-[0m 7914.179 ms - -[0m
[0mPOST /api/user/itemsPrice [0m-[0m 2313.329 ms - -[0m
[0mGET / [33m404[0m 10.728 ms - 139[0m
[0mPOST /api/user/itemsPrice [0m-[0m 14815.885 ms - -[0m
[0mPOST /api/user/itemsPrice [0m-[0m 2015.640 ms - -[0m
[0mPOST /api/user/itemsPrice [0m-[0m 2307.067 ms - -[0m
[0mPOST /api/community/ [31m500[0m 436.693 ms - 51[0m
[0mGET /api/news [31m500[0m 2212.596 ms - 51[0m
[0mGET /api/news?id=1 [31m500[0m 35.177 ms - 51[0m
[0mGET /api/reputation [33m404[0m 19.783 ms - 153[0m
[0mGET /api/reputation [33m404[0m 20.483 ms - 153[0m
[0mGET /api/reputation [33m404[0m 0.759 ms - 153[0m
[0mGET /api/reputation [33m404[0m 0.738 ms - 153[0m
[0mGET /api/scammers [33m404[0m 18.712 ms - 151[0m
[0mGET /api/profles [33m404[0m 5.645 ms - 150[0m
[0mGET /api/profiles/getCountm [33m404[0m 2.580 ms - 161[0m
[0mGET /api/profiles/getCount [33m404[0m 3.806 ms - 160[0m
[0mGET /api/scammers/getCount [33m404[0m 6.159 ms - 160[0m
[0mPOST /api/profiles/addReputation [33m404[0m 1023.192 ms - 166[0m
[0mPOST /api/reputation/addReputation [31m500[0m 2016.990 ms - 90[0m
[0mPOST /api/reputation/addReputation [31m500[0m 153.263 ms - 90[0m
[0mPOST /api/reputation/addReputation [31m500[0m 5.864 ms - 90[0m
[0mPOST /api/reputation/addReputation [31m500[0m 109.328 ms - 78[0m
[0mPOST /api/reputation/addReputation [31m500[0m 42.267 ms - 91[0m
[0mPOST /api/reputation/addReputation [31m500[0m 224.626 ms - 61[0m
[0mPOST /api/reputation/addReputation [33m404[0m 313.145 ms - 168[0m
[0mPOST /api/reputation/addReputation [33m404[0m 17.344 ms - 168[0m
[0mPOST /api/reputation/addReputation [33m404[0m 17.331 ms - 168[0m
[0mPOST /api/reputation/addReputation [31m500[0m 241.904 ms - 51[0m
[0mPOST /api/reputation/addReputation [31m500[0m 87.134 ms - 51[0m
[0mPOST /api/reputation/addReputation [31m500[0m 86.187 ms - 51[0m
[0mGET /api/getCounts [33m404[0m 4.771 ms - 152[0m
[0mGET /api/getCounts [33m404[0m 4.185 ms - 152[0m
[0mGET /api/getCounts [33m404[0m 0.466 ms - 152[0m
[0mGET /api/profiles/getCount [33m404[0m 5.188 ms - 160[0m
[0mPOST /api/report-scam [33m404[0m 2770.053 ms - 155[0m
[0mPOST /api/scammers/report-scam [33m404[0m 1.143 ms - 164[0m
[0mPOST /api/scammers/report-scam [31m500[0m 29.849 ms - 2[0m
[0mPOST /api/scammers/report-scam [31m500[0m 31.036 ms - 2[0m
[0mPOST /api/scammers/report-scam [31m500[0m 31.515 ms - 2[0m
[0mPOST /api/scammers/report-scam [31m500[0m 431.797 ms - 2[0m
[0mPOST /api/scammers/report-scam [31m500[0m 112.847 ms - 2[0m
[0mPOST /api/scammers/report-scam [31m500[0m 123.216 ms - 707[0m
[0mPOST /api/scammers/report-scam [31m500[0m 95.911 ms - 707[0m
[0mPOST /api/scammers/report-scam [31m500[0m 121.174 ms - 1055[0m
[0mPOST /api/scammers/report-scam [31m500[0m 147.914 ms - 1051[0m
[0mPOST /api/scammers/report-scam [31m500[0m 157.749 ms - 1053[0m
[0mPOST /api/scammers/report-scam [31m500[0m 415.520 ms - 1084[0m
[0mPOST /api/community/ [31m500[0m 226.272 ms - 51[0m
[0mGET /api/user/searchByDiscordId?discordId=675169735872217119 [31m500[0m 84.081 ms - 51[0m
[0mPOST /api/user/searchByDiscordId [31m500[0m 73.805 ms - 51[0m
[0mPOST /api/user/searchByDiscordId [31m500[0m 42.345 ms - 51[0m
[0mPOST /api/user/searchByDiscordId [31m500[0m 5.686 ms - 51[0m
[0mPOST /api/user/searchByDiscordId [31m500[0m 44.278 ms - 51[0m
[0mPOST /api/user/searchByDiscordId [31m500[0m 53.125 ms - 51[0m
[0mPOST /api/user/searchByDiscordId [31m500[0m 40.139 ms - 51[0m
[0mPOST /api/user/searchByDiscordId [31m500[0m 42.735 ms - 51[0m
[0mPOST /api/user/searchByDiscordId [31m500[0m 53.628 ms - 51[0m
[0mPOST /api/user/searchByDiscordId [31m500[0m 109.005 ms - 51[0m
[0mPOST /api/user/searchByDiscordId [31m500[0m 93.847 ms - 51[0m
[0mPOST /api/api/user/searchByDiscordId [33m404[0m 2.305 ms - 170[0m
[0mPOST /api/api/user/searchByDiscordId [33m404[0m 0.609 ms - 170[0m
[0mPOST /api/user/searchByDiscordId [31m500[0m 242.636 ms - 51[0m
[0mPOST /api/api/user/searchByDiscordId [33m404[0m 0.579 ms - 170[0m
[0mPOST /api/user/searchByDiscordId [31m500[0m 270.508 ms - 51[0m
[0mPOST /api/user/searchByDiscordId [31m500[0m 268.891 ms - 51[0m
[0mPOST /api/user/searchByDiscordId [31m500[0m 86.550 ms - 51[0m
[0mPOST /api/reputation/addReputation [31m500[0m 289.171 ms - 51[0m
[0mPOST /api/user/searchByDiscordId [31m500[0m 47.736 ms - 51[0m
[0mPOST /api/reputation/addReputation [31m500[0m 243.595 ms - 51[0m
[0mPOST /api/user/searchByDiscordId [31m500[0m 50.774 ms - 51[0m
[0mPOST /api/reputation/addReputation [31m500[0m 100.982 ms - 51[0m
[0mPOST /api/user/searchByDiscordId [31m500[0m 50.263 ms - 51[0m
[0mPOST /api/reputation/addReputation [31m500[0m 59.370 ms - 51[0m
[0mPOST /api/user/searchByDiscordId [31m500[0m 79.446 ms - 51[0m
[0mPOST /api/reputation/addReputation [31m500[0m 287.176 ms - 51[0m
[0mPOST /api/user/searchByDiscordId [31m500[0m 188.564 ms - 51[0m
[0mPOST /api/reputation/addReputation [31m500[0m 338.318 ms - 51[0m
[0mPOST /api/user/searchByDiscordId [31m500[0m 169.479 ms - 51[0m
[0mPOST /api/reputation/addReputation [31m500[0m 180.901 ms - 51[0m
[0mPOST /api/user/searchByDiscordId [31m500[0m 3.233 ms - 51[0m
[0mPOST /api/reputation/addReputation [31m500[0m 5.227 ms - 51[0m
[0mPOST /api/user/searchByDiscordId [31m500[0m 3.046 ms - 51[0m
[0mPOST /api/user/searchByDiscordId [31m500[0m 4.910 ms - 51[0m
[0mPOST /api/user/searchByDiscordId [31m500[0m 44.127 ms - 51[0m
[0mPOST /api/user/searchByDiscordId [31m500[0m 3.951 ms - 51[0m
[0mPOST /api/user/searchByDiscordId [31m500[0m 310.306 ms - 51[0m
[0mPOST /api/reputation/addReputation [31m500[0m 13.449 ms - 51[0m
[0mPOST /api/reputation/addReputation [31m500[0m 127.145 ms - 51[0m
[0mPOST /api/reputation/addReputation [31m500[0m 5.972 ms - 51[0m
[0mPOST /api/user/searchByDiscordId [31m500[0m 285.505 ms - 51[0m
[0mPOST /api/user/searchByDiscordId [31m500[0m 244.308 ms - 51[0m
[0mPOST /api/user/searchByDiscordId [31m500[0m 270.780 ms - 51[0m
[0mPOST /api/user/searchByDiscordId [31m500[0m 277.728 ms - 51[0m
[0mPOST /api/user/searchByDiscordId [31m500[0m 242.395 ms - 51[0m
[0mPOST /api/user/searchByDiscordId [31m500[0m 266.453 ms - 51[0m
[0mPOST /api/user/searchByDiscordId [31m500[0m 242.090 ms - 51[0m
[0mPOST /api/user/searchByDiscordId [31m500[0m 3.817 ms - 51[0m
[0mPOST /api/user/searchByDiscordId [31m500[0m 12.798 ms - 51[0m
[0mPOST /api/user/searchByDiscordId [31m500[0m 9.210 ms - 51[0m
[0mPOST /api/user/searchByDiscordId [31m500[0m 13.045 ms - 51[0m
[0mPOST /api/user/searchByDiscordId [31m500[0m 2.411 ms - 51[0m
[0mPOST /api/auth/authTokenTest [31m500[0m 1.437 ms - 48[0m
[0mPOST /api/auth/authTokenTest [31m500[0m 1.076 ms - 48[0m
[0mPOST /api/auth/authTokenTest [31m500[0m 0.641 ms - 48[0m
[0mPOST /api/auth/authTokenTest [31m500[0m 0.606 ms - 48[0m
[0mPOST /api/auth/authTokenTest [31m500[0m 0.733 ms - 48[0m
[0mPOST /api/auth/authTokenTest [31m500[0m 0.539 ms - 48[0m
[0mPOST /api/auth/authTokenTest [31m500[0m 2.338 ms - 48[0m
[0mPOST /api/auth/getUserInfo [31m500[0m 98.497 ms - 51[0m
[0mPOST /api/auth/googleAuthSingIn [31m500[0m 33.396 ms - 30[0m
[0mPOST /api/auth/googleAuthSignIn [33m404[0m 506.360 ms - 165[0m
[0mPOST /api/auth/googleAuthSignUp [31m500[0m 965.082 ms - 30[0m
[0mPOST /api/user/searchByDiscordId [31m500[0m 253.857 ms - 51[0m
[0mPOST /api/user/searchByDiscordId [31m500[0m 246.098 ms - 51[0m
[0mPOST /api/user/searchByDiscordId [31m500[0m 431.720 ms - 51[0m
[0mPOST /api/user/checkIfUserHasRank [33m404[0m 4.326 ms - 167[0m
[0mPOST /api/user/checkIfUserHasRank [31m500[0m 52.292 ms - 46[0m
[0mPOST /api/user/checkIfUserHasRank [31m500[0m 173.054 ms - 46[0m
[0mPOST /api/user/checkIfUserHasRank [31m500[0m 230.744 ms - 51[0m
[0mPOST /api/user/checkIfUserHasRank [31m500[0m 217.233 ms - 51[0m
[0mPOST /api/user/checkIfUserHasRank [31m500[0m 262.843 ms - 51[0m
[0mPOST /api/user/checkIfUserHasRank [31m500[0m 107.018 ms - 51[0m
[0mPOST /api/user/checkIfUserHasRank [31m500[0m 93.057 ms - 51[0m
[0mPOST /api/user/checkIfUserHasRank [31m500[0m 91.972 ms - 51[0m
[0mPOST /api/user/checkIfUserHasRank [31m500[0m 201.099 ms - 51[0m
[0mPOST /api/user/checkIfUserHasRank [31m500[0m 69.307 ms - 51[0m
[0mPOST /api/user/checkIfUserHasRank [31m500[0m 1007.037 ms - 51[0m
[0mPOST /api/user/checkIfUserHasRank [31m500[0m 1022.241 ms - 51[0m
[0mPOST /api/user/checkIfUserHasRank [31m500[0m 993.471 ms - 51[0m
[0mPOST /api/user/checkIfUserHasRank [31m500[0m 932.308 ms - 51[0m
[0mPOST /api/user/checkIfUserHasRank [31m500[0m 981.270 ms - 51[0m
[0mPOST /api/user/checkIfUserHasRank [31m500[0m 231.770 ms - 51[0m
[0mPOST /api/user/checkIfUserHasRank [31m500[0m 10.799 ms - 51[0m
[0mPOST /api/user/checkIfUserHasRank [31m500[0m 255.253 ms - 51[0m
[0mPOST /api/user/searchByDiscordId [31m500[0m 268.392 ms - 51[0m
[0mPOST /api/user/searchByDiscordId [31m500[0m 866.012 ms - 51[0m
[0mPOST /api/user/searchByDiscordId [31m500[0m 298.859 ms - 51[0m
[0mPOST /api/user/searchByDiscordId [31m500[0m 239.276 ms - 51[0m
[0mPOST /api/user/searchByDiscordId [31m500[0m 399.345 ms - 51[0m
[0mPOST /api/user/searchByDiscordId [31m500[0m 240.644 ms - 51[0m
[0mPOST /api/user/searchByDiscordId [31m500[0m 46.118 ms - 51[0m
[0mPOST /api/user/searchByDiscordId [31m500[0m 3.154 ms - 51[0m
[0mPOST /api/user/searchByDiscordId [31m500[0m 37.288 ms - 51[0m
[0mPOST /api/user/searchByDiscordId [31m500[0m 253.994 ms - 51[0m
[0mPOST /api/user/searchByDiscordId [31m500[0m 248.992 ms - 51[0m
[0mPOST /api/user/checkIfUserHasRank [31m500[0m 103.332 ms - 51[0m
[0mGET /api/news/recent [31m500[0m 276.162 ms - 51[0m
[0mPOST /api/user/searchByDiscordId [31m500[0m 297.593 ms - 51[0m
[0mPOST /api/auth/getUserInfo [31m500[0m 3.884 ms - 48[0m
[0mPOST /api/auth/getUserInfo [31m500[0m 8.715 ms - 48[0m
[0mPOST /api/reputation/evaluateReputation [31m500[0m 1.250 ms - 44[0m
[0mPOST /api/reputation/evaluateReputation [31m500[0m 21.840 ms - 49[0m
[0mPOST /api/reputation/evaluateReputation [31m500[0m 3.253 ms - 49[0m
[0mPOST /api/reputation/evaluateReputation [31m500[0m 2.357 ms - 49[0m
[0mPOST /api/reputation/evaluateReputation [31m500[0m 3.033 ms - 49[0m
[0mPOST /api/reputation/evaluateReputation [31m500[0m 59.902 ms - 49[0m
[0mPOST /api/reputation/evaluateReputation [31m500[0m 7.365 ms - 49[0m
[0mPOST /api/reputation/evaluateReputation [31m500[0m 23.537 ms - 49[0m
[0mPOST /api/reputation/evaluateReputation [31m500[0m 2.665 ms - 49[0m
[0mPOST /api/reputation/evaluateReputation [31m500[0m 8.153 ms - 49[0m
[0mPOST /api/scammers/evaluateScamReport [31m500[0m 2.042 ms - 49[0m
[0mPOST /api/scammers/evaluateScamReport [31m500[0m 1.936 ms - 49[0m
[0mPOST /api/scammers/evaluateScamReport [31m500[0m 2.273 ms - 49[0m
[0mPOST /api/scammers/evaluateScamReport [31m500[0m 1.202 ms - 49[0m
[0mPOST /api/scammers/evaluate [33m404[0m 18.765 ms - 161[0m
[0mPOST /api/scammers/evaluate [33m404[0m 2.095 ms - 161[0m
[0mPOST /api/scammers/evaluate [33m404[0m 18.804 ms - 161[0m
[0mPOST /api/reputation/evaluate [31m500[0m 3.483 ms - 49[0m
[0mPOST /api/reputation/checkReputation [33m404[0m 2.353 ms - 170[0m
[0mPOST /api/reputation/checkReputation [33m404[0m 2.310 ms - 170[0m
[0mPOST /api/reputation/checkReputation [33m404[0m 0.659 ms - 170[0m
[0mPOST /api/reputation/checkReputation [33m404[0m 18.368 ms - 170[0m
[0mPOST /api/reputation/checkReputation [33m404[0m 2.677 ms - 170[0m
[0mPOST /api/reputation/evaluate [31m500[0m 3.666 ms - 49[0m
[0mPOST /api/reputation/checkReputation [33m404[0m 0.626 ms - 170[0m
[0mPOST /api/reputation/evaluate [31m500[0m 29.534 ms - 49[0m
[0mGET /api/scammers/unapproved [31m500[0m 1872.354 ms - 49[0m
[0mPOST /api/scammers/check [33m404[0m 4.692 ms - 158[0m
[0mPOST /api/scammers/check [33m404[0m 2.383 ms - 158[0m
[0mGET /api/bot/login [33m404[0m 6.636 ms - 152[0m
[0mPOST /api/bot/login [33m404[0m 8.112 ms - 153[0m
[0mPOST /api/bot/login [33m404[0m 1.397 ms - 153[0m
[0mPOST /api/bot/login [33m404[0m 5.639 ms - 153[0m
[0mPOST /api/bot/login [31m500[0m 20.488 ms - 51[0m
[0mPOST /api/bot/login [31m500[0m 21.097 ms - 51[0m
[0mPOST /api/bot/login [31m500[0m 6.353 ms - 51[0m
[0mPOST /api/bot/login [31m500[0m 16.171 ms - 51[0m
[0mPOST /api/bot/login [31m500[0m 23.322 ms - 51[0m
[0mGET /api/bot/logout [33m404[0m 4.593 ms - 153[0m
[0mPOST /api/bot/logout [31m500[0m 17.735 ms - 51[0m
[0mPOST /api/bot/logout [31m500[0m 29.809 ms - 51[0m
[0mPOST /api/scammers/check [31m500[0m 26.437 ms - 51[0m
[0mPOST /api/scammers/check [31m500[0m 2305.723 ms - 49[0m
[0mPOST /api/scammers/check [31m500[0m 2275.389 ms - 49[0m
[0mPOST /scammers/checkScammer [33m404[0m 14.215 ms - 161[0m
[0mPOST /api/bot/scamcheck [31m500[0m 2771.290 ms - 50[0m
[0mGET /scammers/checkScammer [33m404[0m 2.838 ms - 160[0m
[0mPOST /scammers/checkScammer [33m404[0m 2.388 ms - 161[0m
[0mPOST /api/bot/scamcheck [31m500[0m 6238.267 ms - 50[0m
[0mPOST /api/bot/scamcheck [31m500[0m 2596.490 ms - 46[0m
[0mPOST /api/bot/scamcheck [31m500[0m 5304.825 ms - 64[0m
[0mPOST /api/bot/scamcheck [31m500[0m 2636.052 ms - 72[0m
[0mPOST /api/bot/scamcheck [31m500[0m 2216.873 ms - 72[0m
[0mPOST /api/bot/scamcheck [31m500[0m 5989.825 ms - 59[0m
[0mPOST /api/bot/scamcheck [31m500[0m 2565.057 ms - 60[0m
[0mPOST /api/bot/scamcheck [31m500[0m 3268.389 ms - 43[0m
[0mPOST /api/bot/scamcheck [31m500[0m 2629.879 ms - 64[0m
[0mPOST /api/bot/scamcheck [31m500[0m 4012.109 ms - 41[0m
[0mPOST /api/bot/scamcheck [31m500[0m 2983.928 ms - 55[0m
[0mPOST /api/bot/scamcheck [31m500[0m 2856.156 ms - 71[0m
[0mPOST /api/bot/scamcheck [31m500[0m 2899.636 ms - 64[0m
[0mPOST /api/bot/scamcheck [31m500[0m 3001.848 ms - 71[0m
[0mPOST /api/bot/scamcheck [31m500[0m 2725.421 ms - 71[0m
[0mPOST /api/bot/scamcheck [31m500[0m 3307.658 ms - 52[0m
[0mPOST /api/bot/scamcheck [31m500[0m 2834.477 ms - 68[0m
[0mPOST /api/bot/scamcheck [31m500[0m 3285.349 ms - 43[0m
[0mPOST /api/bot/scamcheck [31m500[0m 3524.163 ms - 43[0m
[0mPOST /api/bot/scamcheck [31m500[0m 2090.338 ms - 43[0m
[0mPOST /api/bot/scamcheck [31m500[0m 3427.020 ms - 43[0m
[0mPOST /api/bot/scamcheck [31m500[0m 3355.698 ms - 43[0m
[0mPOST /api/bot/scamcheck [31m500[0m 3178.363 ms - 64[0m
[0mPOST /api/bot/scamcheck [31m500[0m 3980.154 ms - 43[0m
[0mPOST /api/scammers/evaluate [31m500[0m 23.166 ms - 44[0m
[0mPOST /api/scammers/evaluate [31m500[0m 1.873 ms - 44[0m
[0mPOST /api/scammers/evaluate [31m500[0m 1.101 ms - 49[0m
[0mPOST /api/scammers/evaluate [31m500[0m 1.050 ms - 49[0m
[0mPOST /api/scammers/evaluate [31m500[0m 1.199 ms - 49[0m
[0mPOST /api/scammers/evaluate [31m500[0m 52.105 ms - 49[0m
[0mPOST /api/scammers/evaluate [31m500[0m 22.873 ms - 49[0m
[0mPOST /api/scammers/evaluate [31m500[0m 29.466 ms - 49[0m
[0mPOST /api/auth/register [31m500[0m 2374.533 ms - 160[0m
[0mPOST /api/auth/register [31m500[0m 128.766 ms - 160[0m
[0mPOST /api/auth/register [31m500[0m 111.781 ms - 744[0m
[0mPOST /api/scammers/evaluate [31m500[0m 6.584 ms - 49[0m
[0mPOST /api/bot/scamcheck [31m500[0m 2788.778 ms - 41[0m
[0mPOST /api/bot/scamcheck [31m500[0m 2734.445 ms - 41[0m
[0mPOST /api/bot/scamcheck [31m500[0m 2721.953 ms - 41[0m
[0mPOST /api/bot/scamcheck [31m500[0m 2795.212 ms - 64[0m
[0mPOST /api/bot/scamcheck [31m500[0m 2774.867 ms - 72[0m
[0mPOST /api/bot/scamcheck [31m500[0m 3212.321 ms - 43[0m
[0mPOST /api/bot/scamcheck [31m500[0m 3029.247 ms - 43[0m
[0mPOST /api/bot/scamcheck [31m500[0m 3085.002 ms - 43[0m
[0mPOST /api/bot/scamcheck [31m500[0m 3230.378 ms - 43[0m
[0mPOST /api/bot/scamcheck [31m500[0m 3136.275 ms - 43[0m
[0mPOST /api/bot/scamcheck [31m500[0m 6929.584 ms - 48[0m
[0mPOST /api/bot/scamcheck [31m500[0m 6691.012 ms - 49[0m
[0mPOST /api/bot/scamcheck [31m500[0m 6119.146 ms - 49[0m
[0mPOST /api/bot/scamcheck [31m500[0m 6151.930 ms - 49[0m
[0mPOST /api/bot/scamcheck [31m500[0m 6329.319 ms - 49[0m
[0mPOST /api/bot/scamcheck [31m500[0m 6283.612 ms - 49[0m
[0mPOST /api/bot/scamcheck [31m500[0m 6672.616 ms - 49[0m
[0mPOST /api/scammers/evaluate [31m500[0m 6753.305 ms - 65[0m
[0mPOST /api/scammers/evaluate [31m500[0m 58.073 ms - 88[0m
[0mPOST /api/bot/scamcheck [31m500[0m 6453.775 ms - 49[0m
[0mPOST /api/scammers/evaluate [31m500[0m 6546.583 ms - 65[0m
[0mPOST /api/bot/scamcheck [31m500[0m 6515.023 ms - 49[0m
[0mPOST /api/scammers/evaluate [31m500[0m 6599.499 ms - 65[0m
[0mPOST /api/scammers/evaluate [31m500[0m 58.475 ms - 88[0m
[0mPOST /api/scammers/evaluate [31m500[0m 136.886 ms - 88[0m
[0mPOST /api/bot/scamcheck [31m500[0m 6707.767 ms - 59[0m
[0mPOST /api/scammers/evaluate [31m500[0m 6811.255 ms - 65[0m
[0mPOST /api/scammers/evaluate [31m500[0m 61.847 ms - 88[0m
[0mPOST /api/scammers/evaluate [31m500[0m 55.417 ms - 88[0m
[0mPOST /api/scammers/evaluate [31m500[0m 70.512 ms - 88[0m
[0mPOST /api/bot/scamcheck [31m500[0m 8866.424 ms - 59[0m
[0mPOST /api/scammers/evaluate [31m500[0m 9114.873 ms - 65[0m
[0mPOST /api/scammers/evaluate [31m500[0m 56.306 ms - 88[0m
[0mPOST /api/scammers/evaluate [31m500[0m 53.260 ms - 88[0m
[0mPOST /api/scammers/evaluate [31m500[0m 61.674 ms - 88[0m
[0mPOST /api/scammers/evaluate [31m500[0m 3.538 ms - 88[0m
[0mPOST /api/bot/scamcheck [31m500[0m 7053.550 ms - 49[0m
[0mPOST /api/scammers/evaluate [31m500[0m 7145.092 ms - 65[0m
[0mPOST /api/bot/scamcheck [31m500[0m 7238.099 ms - 47[0m
[0mPOST /api/scammers/evaluate [31m500[0m 7332.488 ms - 65[0m
[0mPOST /api/scammers/evaluate [31m500[0m 266.467 ms - 45[0m
[0mPOST /api/scammers/evaluate [31m500[0m 56.414 ms - 80[0m
[0mPOST /api/scammers/evaluate [31m500[0m 65.879 ms - 69[0m
[0mPOST /api/scammers/evaluate [31m500[0m 277.079 ms - 45[0m
[0mPOST /api/scammers/evaluate [31m500[0m 203.104 ms - 63[0m
[0mPOST /api/scammers/evaluate [31m500[0m 230.682 ms - 63[0m
[0mPOST /api/bot/scamcheck [31m500[0m 9091.437 ms - 59[0m
[0mPOST /api/scammers/evaluate [31m500[0m 9202.683 ms - 65[0m
[0mPOST /api/reputation/checkReputation [33m404[0m 4.019 ms - 170[0m
[0mPOST /api/auth/googleAuthSignIn [31m500[0m 37.654 ms - 30[0m
[0mPOST /api/auth/authTokenTest [31m500[0m 5.996 ms - 48[0m
[0mPOST /api/auth/authTokenTest [31m500[0m 1.364 ms - 48[0m
[0mPOST /api/auth/authTokenTest [31m500[0m 0.865 ms - 48[0m
[0mPOST /api/auth/googleAuthSignUp [31m500[0m 858.702 ms - 30[0m
[0mPOST /api/auth/getUserInfo [31m500[0m 1.768 ms - 48[0m
[0mPOST /api/user/itemsPrice [0m-[0m 11076.942 ms - -[0m
[0mPOST /api/user/itemsPriceWithDetails [33m404[0m 2.208 ms - 170[0m
[0mPOST /api/community/ [31m500[0m 364.319 ms - 51[0m
[0mPOST /api/reputation/evaluate [31m500[0m 4.240 ms - 44[0m
[0mPOST /api/auth/login [31m500[0m 246.045 ms - 51[0m
[0mPOST /api/reputation/evaluate [31m500[0m 1.124 ms - 44[0m
[0mPOST /api/reputation/evaluate [31m500[0m 1.174 ms - 44[0m
[0mPOST /api/reputation/evaluate [31m500[0m 0.587 ms - 44[0m
[0mPOST /api/scammers/evaluate [31m500[0m 1.209 ms - 44[0m
[0mPOST /api/scammers/evaluate [31m500[0m 0.532 ms - 44[0m
[0mPOST /api/scammers/evaluate [31m500[0m 1.203 ms - 44[0m
[0mPOST /api/scammers/evaluate [31m500[0m 0.682 ms - 44[0m
[0mPOST /api/scammers/evaluate [31m500[0m 1.080 ms - 44[0m
[0mPOST /api/bot/scamcheck [31m500[0m 8099.746 ms - 59[0m
[0mPOST /api/scammers/evaluate [31m500[0m 8174.122 ms - 65[0m
[0mPOST /api/scammers/check [33m404[0m 1.200 ms - 158[0m
[0mPOST /api/auth/googleAuthSignIn [31m500[0m 109.439 ms - 30[0m
[0mPOST /api/auth/googleAuthSignIn [31m500[0m 1016.944 ms - 30[0m
[0mPOST /api/auth/googleAuthSingIn [33m404[0m 16.741 ms - 165[0m
[0mPOST /api/auth/googleAuthSingIn [33m404[0m 1.780 ms - 165[0m
[0mPOST /api/auth/googleAuthSingIn [33m404[0m 1.534 ms - 165[0m
[0mPOST /api/scammers/evaluate [31m500[0m 73.000 ms - 73[0m
[0mPOST /api/scammers/evaluate [31m500[0m 55.908 ms - 73[0m
[0mPOST /api/auth/googleAuthSingIn [33m404[0m 4225.807 ms - 165[0m
[0mGET /api/user/getUsersRanking [31m500[0m 254.082 ms - 45[0m
[0mPOST /api/auth/getUserInfo [31m500[0m 298.972 ms - 48[0m
[0mPOST /api/auth/getUserInfo [31m500[0m 169.820 ms - 51[0m
[0mPOST /api/auth/getUserInfo [31m500[0m 200.019 ms - 48[0m
[0mGET /api/getCount [31m500[0m 319.001 ms - 51[0m
[0mGET /favicon.ico [33m404[0m 4.035 ms - 150[0m
[0mPOST /api/auth/getUserInfo [31m500[0m 2.246 ms - 48[0m
[0mPOST /api/auth/getUserInfo?headers=%7B%22Authorization%22:%22RLTracker+eyJhbGciOiJIUzI1NiIsInR5cCI6IkpXVCJ9.eyJlbWFpbCI6Im1vb25zaG90MTkxQGdtYWlsLmNvbSIsIm1vZGUiOiJHT09HTEUiLCJyYW5rIjotMSwiaWF0IjoxNjI4MzUwMDUwLCJleHAiOjE2Mjg0MzY0NTB9.SXyAO2B92nQOInPYp8WbOWn4SeC8UTwTe35Z0mX9gTQ%22%7D [31m500[0m 1.972 ms - 48[0m
[0mPOST /api/auth/getUserInfo [31m500[0m 2.052 ms - 48[0m
[0mPOST /api/auth/getUserInfo [31m500[0m 289.787 ms - 51[0m
[0mPOST /api/auth/getUserInfo [31m500[0m 322.339 ms - 51[0m
[0mPOST /api/auth/getUserInfo [31m500[0m 255.501 ms - 51[0m
[0mPOST /api/auth/getUserInfo [31m500[0m 247.704 ms - 51[0m
[0mPOST /api/auth/getUserInfo [31m500[0m 286.167 ms - 51[0m
[0mGET /api/getCount [31m500[0m 258.440 ms - 51[0m
[0mGET /api/user/getUsersRanking [31m500[0m 254.116 ms - 45[0m
[0mGET /api/news/recent [31m500[0m 567.795 ms - 51[0m
[0mGET /api/community/ [31m500[0m 265.021 ms - 51[0m
[0mGET /api/community/ [31m500[0m 12.718 ms - 51[0m
[0mPOST /api/auth/getUserInfo [31m500[0m 433.030 ms - 51[0m
[0mGET /api/user/getUsersRanking [31m500[0m 299.430 ms - 45[0m
[0mGET /api/user/getUsersRanking [31m500[0m 272.955 ms - 45[0m
[0mGET /api/community [31m500[0m 1687.509 ms - 51[0m
[0mPOST /api/auth/getUserInfo [31m500[0m 303.680 ms - 51[0m
[0mGET /api/news/recent [31m500[0m 261.714 ms - 51[0m
[0mGET /favicon.ico [33m404[0m 2.656 ms - 150[0m
[0mGET /api/news/recent [31m500[0m 278.194 ms - 51[0m
[0mPOST /api/auth/getUserInfo [31m500[0m 246.762 ms - 48[0m
[0mGET /api/news/recent [31m500[0m 434.891 ms - 51[0m
[0mPOST /api/auth/getUserInfo [31m500[0m 5.613 ms - 48[0m
[0mPOST /api/auth/getUserInfo [31m500[0m 3.682 ms - 48[0m
[0mPOST /api/auth/getUserInfo [31m500[0m 2.186 ms - 48[0m
[0mPOST /api/auth/getUserInfo [31m500[0m 1.731 ms - 48[0m
[0mPOST /api/auth/getUserInfo [31m500[0m 3.782 ms - 48[0m
[0mPOST /api/auth/getUserInfo [31m500[0m 3.714 ms - 48[0m
[0mPOST /api/auth/getUserInfo [31m500[0m 132.701 ms - 48[0m
[0mGET /api/news/recent [31m500[0m 261.031 ms - 51[0m
[0mPOST /api/auth/getUserInfo [31m500[0m 5.711 ms - 48[0m
[0mGET /api/news/recent [31m500[0m 251.087 ms - 51[0m
[0mPOST /api/auth/getUserInfo [31m500[0m 299.123 ms - 51[0m
[0mPOST /api/auth/getUserInfo [31m500[0m 255.432 ms - 51[0m
[0mGET /api/news/recent [31m500[0m 259.329 ms - 51[0m
[0mGET /api/news/recent [31m500[0m 257.582 ms - 51[0m
[0mPOST /api/auth/getUserInfo [31m500[0m 254.303 ms - 51[0m
[0mGET /api/news/recent [31m500[0m 260.680 ms - 51[0m
[0mPOST /api/auth/getUserInfo [31m500[0m 271.476 ms - 51[0m
[0mGET /api/news/recent [31m500[0m 261.908 ms - 51[0m
[0mPOST /api/auth/getUserInfo [31m500[0m 256.231 ms - 51[0m
[0mPOST /api/auth/getUserInfo [31m500[0m 241.974 ms - 51[0m
[0mGET /api/news/recent [31m500[0m 266.291 ms - 51[0m
[0mPOST /api/auth/getUserInfo [31m500[0m 241.642 ms - 51[0m
[0mPOST /api/auth/getUserInfo [31m500[0m 276.013 ms - 51[0m
[0mGET /api/getCount [31m500[0m 365.815 ms - 51[0m
[0mGET /api/news/recent [31m500[0m 279.830 ms - 51[0m
[0mGET /api/news/recent [31m500[0m 319.034 ms - 51[0m
[0mPOST /api/auth/getUserInfo [31m500[0m 327.074 ms - 51[0m
[0mGET /api/community [31m500[0m 295.916 ms - 51[0m
[0mGET /api/news/recent [31m500[0m 255.815 ms - 51[0m
[0mPOST /api/auth/getUserInfo [31m500[0m 416.380 ms - 51[0m
[0mPOST /api/auth/getUserInfo [31m500[0m 24.864 ms - 48[0m
[0mPOST /api/auth/getUserInfo [31m500[0m 4.270 ms - 48[0m
[0mGET /api/community [31m500[0m 2230.261 ms - 51[0m
[0mPOST /api/auth/getUserInfo [31m500[0m 252.356 ms - 48[0m
[0mPOST /api/auth/getUserInfo [31m500[0m 4.585 ms - 48[0m
[0mPOST /api/auth/googleAuthSignUp [31m500[0m 1230.440 ms - 80[0m
[0mPOST /api/auth/getUserInfo [31m500[0m 299.159 ms - 51[0m
[0mGET /api/news/recent [31m500[0m 179.685 ms - 51[0m
[0mPOST /api/auth/getUserInfo [31m500[0m 106.769 ms - 51[0m
[0mGET /api/community [31m500[0m 25.157 ms - 51[0m
[0mPOST /api/auth/getUserInfo [31m500[0m 18.669 ms - 51[0m
[0mGET /api/news/recent [31m500[0m 6.465 ms - 51[0m
[0mGET /api/community [31m500[0m 2.727 ms - 51[0m
[0mGET /api/news/recent [31m500[0m 4.910 ms - 51[0m
[0mPOST /api/auth/getUserInfo [31m500[0m 4.726 ms - 51[0m
[0mGET /api/community [31m500[0m 4.210 ms - 51[0m
[0mPOST /api/bot/serverChannels [31m500[0m 71.662 ms - 51[0m
[0mPOST /api/bot/serverChannels [31m500[0m 290.602 ms - 51[0m
[0mPOST /api/bot/serverChannels [31m500[0m 5.195 ms - 51[0m
[0mPOST /api/bot/serverChannels [31m500[0m 5.425 ms - 51[0m
[0mPOST /api/auth/getUserInfo [31m500[0m 825.889 ms - 51[0m
[0mPOST /api/auth/getUserInfo [31m500[0m 261.822 ms - 51[0m
[0mPOST /api/auth/googleAuthSignUp [31m500[0m 1096.275 ms - 80[0m
[0mGET /api/news/recent [31m500[0m 251.168 ms - 51[0m
[0mGET /api/news/recent [31m500[0m 250.471 ms - 51[0m
[0mPOST /api/auth/getUserInfo [31m500[0m 250.185 ms - 51[0m
[0mGET /api/channels [31m500[0m 268.520 ms - 51[0m
[0mPOST /api/auth/getUserInfo [31m500[0m 270.315 ms - 51[0m
[0mGET /api/user/search-db [31m500[0m 283.487 ms - 51[0m
[0mGET /api/user/search-db [31m500[0m 311.790 ms - 51[0m
[0mGET /api/user/search-db [31m500[0m 205.207 ms - 51[0m
[0mGET /api/user/search-db [31m500[0m 301.154 ms - 51[0m
[0mGET /api/user/search-db [31m500[0m 86.750 ms - 51[0m
[0mPOST /api/auth/getUserInfo [31m500[0m 262.784 ms - 51[0m
[0mPOST /api/reputation/user-reputation [31m500[0m 260.043 ms - 51[0m
[0mPOST /api/reputation/user-reputation [31m500[0m 104.818 ms - 51[0m
[0mPOST /api/reputation/user-reputation [31m500[0m 284.436 ms - 51[0m
[0mPOST /api/reputation/user-reputation [31m500[0m 341.724 ms - 51[0m
[0mPOST /api/auth/getUserInfo [31m500[0m 303.703 ms - 51[0m
[0mGET /api/news/recent [31m500[0m 260.510 ms - 51[0m
[0mGET /api/news/recent [31m500[0m 261.335 ms - 51[0m
[0mPOST /api/auth/getUserInfo [31m500[0m 308.413 ms - 51[0m
[0mGET /api/getCount [31m500[0m 332.126 ms - 51[0m
[0mPOST /api/auth/getUserInfo [31m500[0m 275.709 ms - 51[0m
[0mPOST /api/reputation/user-reputation [31m500[0m 38.810 ms - 51[0m
[0mPOST /api/auth/getUserInfo [31m500[0m 682.176 ms - 51[0m
[0mGET /api/news/recent [31m500[0m 308.859 ms - 51[0m
[0mPOST /api/auth/getUserInfo [31m500[0m 309.764 ms - 51[0m
[0mGET /api/news/recent [31m500[0m 244.346 ms - 51[0m
[0mGET /api/news/recent [31m500[0m 246.911 ms - 51[0m
[0mGET /api/news/recent [31m500[0m 308.860 ms - 51[0m
[0mPOST /api/auth/getUserInfo [31m500[0m 286.328 ms - 51[0m
[0mGET /api/getCount [31m500[0m 263.775 ms - 51[0m
[0mGET /api/news/recent [31m500[0m 251.808 ms - 51[0m
[0mPOST /api/auth/getUserInfo [31m500[0m 253.849 ms - 51[0m
[0mGET /api/getCount [31m500[0m 270.026 ms - 51[0m
[0mGET /api/user/getUsersRanking [31m500[0m 339.713 ms - 45[0m
[0mGET /api/user/getUsersRanking [31m500[0m 128.498 ms - 149[0m
[0mGET /api/user/getUsersRanking [31m500[0m 454.171 ms - 45[0m
[0mPOST /api/auth/getUserInfo [31m500[0m 720.236 ms - 51[0m
[0mGET /api/news/recent [31m500[0m 241.660 ms - 51[0m
[0mPOST /api/auth/getUserInfo [31m500[0m 237.561 ms - 51[0m
[0mPOST /api/auth/getUserInfo [31m500[0m 257.370 ms - 51[0m
[0mGET /api/news/recent [31m500[0m 1082.136 ms - 51[0m
[0mPOST /api/auth/getUserInfo [31m500[0m 495.808 ms - 48[0m
[0mGET /api/news/recent [31m500[0m 9.856 ms - 51[0m
[0mPOST /api/auth/getUserInfo [31m500[0m 8.739 ms - 48[0m
[0mPOST /api/auth/getUserInfo [31m500[0m 6.889 ms - 48[0m
[0mGET /api/news/recent [31m500[0m 4.846 ms - 51[0m
[0mGET /api/news/recent [31m500[0m 9.281 ms - 51[0m
[0mPOST /api/auth/getUserInfo [31m500[0m 4.039 ms - 48[0m
[0mPOST /api/auth/getUserInfo [31m500[0m 208.182 ms - 48[0m
[0mPOST /api/auth/getUserInfo [31m500[0m 5.957 ms - 48[0m
[0mPOST /api/auth/getUserInfo [31m500[0m 3.768 ms - 48[0m
[0mPOST /api/auth/getUserInfo [31m500[0m 4.382 ms - 48[0m
[0mGET /api/bot/commands [31m500[0m 291.779 ms - 51[0m
[0mGET /api/channels [31m500[0m 246.372 ms - 51[0m
[0mGET /api/news/recent [31m500[0m 249.548 ms - 51[0m
[0mGET /api/news/recent [31m500[0m 255.273 ms - 51[0m
[0mGET /api/bot/commands [31m500[0m 297.378 ms - 51[0m
[0mPOST /api/auth/getUserInfo [31m500[0m 256.924 ms - 51[0m
[0mGET /api/bot/commands [31m500[0m 315.483 ms - 51[0m
[0mPOST /api/auth/getUserInfo [31m500[0m 634.666 ms - 48[0m
[0mPOST /api/auth/getUserInfo [31m500[0m 4.665 ms - 48[0m
[0mPOST /api/auth/getUserInfo [31m500[0m 4.797 ms - 48[0m
[0mPOST /api/auth/getUserInfo [31m500[0m 3.466 ms - 48[0m
[0mPOST /api/auth/getUserInfo [31m500[0m 3.453 ms - 48[0m
[0mPOST /api/auth/getUserInfo [31m500[0m 3.616 ms - 48[0m
[0mGET /api/auth/getUserInfo [33m404[0m 50.261 ms - 159[0m
[0mPOST /api/auth/getUserInfo [31m500[0m 123.038 ms - 48[0m
[0mGET /api/news/recent [31m500[0m 709.383 ms - 51[0m
[0mPOST /api/auth/getUserInfo [31m500[0m 28.200 ms - 48[0m
[0mPOST /api/auth/getUserInfo [31m500[0m 235.117 ms - 48[0m
[0mPOST /api/auth/getUserInfo [31m500[0m 64.183 ms - 48[0m
[0mPOST /api/auth/getUserInfo [31m500[0m 19.899 ms - 48[0m
[0mPOST /api/auth/getUserInfo [31m500[0m 125.304 ms - 48[0m
[0mPOST /api/auth/getUserInfo [31m500[0m 114.055 ms - 48[0m
[0mPOST /api/auth/getUserInfo [31m500[0m 127.964 ms - 48[0m
[0mPOST /api/auth/getUserInfo [31m500[0m 8.944 ms - 48[0m
[0mGET /api/scammers/unapproved [31m500[0m 244.929 ms - 49[0m
[0mGET /api/scammers/unapproved [31m500[0m 307.656 ms - 49[0m
[0mGET /api/scammers/unapproved [31m500[0m 248.172 ms - 49[0m
[0mGET /favicon.ico [33m404[0m 3.244 ms - 150[0m
[0mPOST /api/scammers/evaluate [31m500[0m 239.113 ms - 49[0m
[0mPOST /api/auth/register [31m500[0m 1400.979 ms - 1039[0m
[0mPOST /api/auth/register [31m500[0m 189.979 ms - 1039[0m
